mode: set
github.com/axiaoxin-com/goutils/sqlxdb.go:18.106,20.16 2 1
github.com/axiaoxin-com/goutils/sqlxdb.go:23.2,26.25 4 1
github.com/axiaoxin-com/goutils/sqlxdb.go:20.16,22.3 1 0
github.com/axiaoxin-com/goutils/sqlxdb.go:42.187,45.16 3 1
github.com/axiaoxin-com/goutils/sqlxdb.go:48.2,51.23 4 1
github.com/axiaoxin-com/goutils/sqlxdb.go:45.16,47.3 1 0
github.com/axiaoxin-com/goutils/sqlxdb.go:65.167,67.16 2 0
github.com/axiaoxin-com/goutils/sqlxdb.go:70.2,71.16 2 0
github.com/axiaoxin-com/goutils/sqlxdb.go:74.2,77.26 4 0
github.com/axiaoxin-com/goutils/sqlxdb.go:67.16,69.3 1 0
github.com/axiaoxin-com/goutils/sqlxdb.go:71.16,73.3 1 0
github.com/axiaoxin-com/goutils/sqlxdb.go:90.147,93.16 3 0
github.com/axiaoxin-com/goutils/sqlxdb.go:96.2,99.23 4 0
github.com/axiaoxin-com/goutils/sqlxdb.go:93.16,95.3 1 0
github.com/axiaoxin-com/goutils/gormdb.go:25.120,27.16 2 1
github.com/axiaoxin-com/goutils/gormdb.go:30.2,34.25 5 1
github.com/axiaoxin-com/goutils/gormdb.go:27.16,29.3 1 0
github.com/axiaoxin-com/goutils/gormdb.go:50.201,53.16 3 1
github.com/axiaoxin-com/goutils/gormdb.go:56.2,61.23 6 1
github.com/axiaoxin-com/goutils/gormdb.go:53.16,55.3 1 0
github.com/axiaoxin-com/goutils/gormdb.go:75.176,77.16 2 0
github.com/axiaoxin-com/goutils/gormdb.go:80.2,81.16 2 0
github.com/axiaoxin-com/goutils/gormdb.go:84.2,88.26 5 0
github.com/axiaoxin-com/goutils/gormdb.go:77.16,79.3 1 0
github.com/axiaoxin-com/goutils/gormdb.go:81.16,83.3 1 0
github.com/axiaoxin-com/goutils/gormdb.go:101.161,104.16 3 0
github.com/axiaoxin-com/goutils/gormdb.go:107.2,111.23 5 0
github.com/axiaoxin-com/goutils/gormdb.go:104.16,106.3 1 0
github.com/axiaoxin-com/goutils/gormdb.go:115.52,124.2 8 0
github.com/axiaoxin-com/goutils/ip.go:8.35,10.16 2 1
github.com/axiaoxin-com/goutils/ip.go:13.2,17.35 3 1
github.com/axiaoxin-com/goutils/ip.go:10.16,12.3 1 0
github.com/axiaoxin-com/goutils/pagination.go:29.74,30.21 1 1
github.com/axiaoxin-com/goutils/pagination.go:33.2,34.18 2 1
github.com/axiaoxin-com/goutils/pagination.go:37.2,39.31 3 1
github.com/axiaoxin-com/goutils/pagination.go:42.2,44.22 3 1
github.com/axiaoxin-com/goutils/pagination.go:47.2,56.3 1 1
github.com/axiaoxin-com/goutils/pagination.go:30.21,32.3 1 0
github.com/axiaoxin-com/goutils/pagination.go:34.18,36.3 1 1
github.com/axiaoxin-com/goutils/pagination.go:39.31,41.3 1 1
github.com/axiaoxin-com/goutils/pagination.go:44.22,46.3 1 1
github.com/axiaoxin-com/goutils/pagination.go:60.70,61.21 1 1
github.com/axiaoxin-com/goutils/pagination.go:64.2,65.17 2 1
github.com/axiaoxin-com/goutils/pagination.go:70.2,71.15 2 1
github.com/axiaoxin-com/goutils/pagination.go:74.2,76.75 3 1
github.com/axiaoxin-com/goutils/pagination.go:79.2,81.53 3 1
github.com/axiaoxin-com/goutils/pagination.go:84.2,93.3 1 1
github.com/axiaoxin-com/goutils/pagination.go:61.21,63.3 1 0
github.com/axiaoxin-com/goutils/pagination.go:65.17,67.3 1 1
github.com/axiaoxin-com/goutils/pagination.go:67.8,69.3 1 1
github.com/axiaoxin-com/goutils/pagination.go:71.15,73.3 1 1
github.com/axiaoxin-com/goutils/pagination.go:76.75,78.3 1 1
github.com/axiaoxin-com/goutils/pagination.go:81.53,83.3 1 1
github.com/axiaoxin-com/goutils/redis.go:10.87,18.2 3 1
github.com/axiaoxin-com/goutils/redis.go:21.107,30.2 3 0
github.com/axiaoxin-com/goutils/redis.go:33.85,40.2 3 0
github.com/axiaoxin-com/goutils/slice.go:6.71,8.2 1 1
github.com/axiaoxin-com/goutils/slice.go:11.47,12.24 1 1
github.com/axiaoxin-com/goutils/slice.go:15.2,15.23 1 1
github.com/axiaoxin-com/goutils/slice.go:20.2,20.13 1 1
github.com/axiaoxin-com/goutils/slice.go:12.24,14.3 1 0
github.com/axiaoxin-com/goutils/slice.go:15.23,16.17 1 1
github.com/axiaoxin-com/goutils/slice.go:16.17,18.4 1 1
github.com/axiaoxin-com/goutils/string.go:8.43,13.2 4 1
github.com/axiaoxin-com/goutils/struct.go:12.59,17.37 4 1
github.com/axiaoxin-com/goutils/struct.go:44.2,44.8 1 1
github.com/axiaoxin-com/goutils/struct.go:17.37,22.14 4 1
github.com/axiaoxin-com/goutils/struct.go:26.3,27.32 2 1
github.com/axiaoxin-com/goutils/struct.go:42.3,42.19 1 1
github.com/axiaoxin-com/goutils/struct.go:22.14,24.4 1 1
github.com/axiaoxin-com/goutils/struct.go:28.39,29.39 1 1
github.com/axiaoxin-com/goutils/struct.go:30.44,31.41 1 0
github.com/axiaoxin-com/goutils/struct.go:32.16,33.51 1 0
github.com/axiaoxin-com/goutils/struct.go:34.16,35.51 1 0
github.com/axiaoxin-com/goutils/struct.go:36.15,37.26 1 0
github.com/axiaoxin-com/goutils/struct.go:38.15,39.19 1 1
github.com/axiaoxin-com/goutils/errcode.go:15.71,21.2 1 1
github.com/axiaoxin-com/goutils/errcode.go:24.59,26.2 1 1
github.com/axiaoxin-com/goutils/errcode.go:29.34,31.29 2 1
github.com/axiaoxin-com/goutils/errcode.go:34.2,34.33 1 1
github.com/axiaoxin-com/goutils/errcode.go:31.29,33.3 1 1
github.com/axiaoxin-com/goutils/errcode.go:38.38,40.2 1 1
github.com/axiaoxin-com/goutils/errcode.go:43.32,45.2 1 1
github.com/axiaoxin-com/goutils/errcode.go:48.34,50.2 1 1
github.com/axiaoxin-com/goutils/errcode.go:53.47,57.2 3 1
github.com/axiaoxin-com/goutils/errcode.go:60.55,64.2 3 1
github.com/axiaoxin-com/goutils/file.go:10.63,12.16 2 1
github.com/axiaoxin-com/goutils/file.go:16.2,17.8 2 1
github.com/axiaoxin-com/goutils/file.go:12.16,14.3 1 0
github.com/axiaoxin-com/goutils/jsontime.go:23.40,25.2 1 1
github.com/axiaoxin-com/goutils/jsontime.go:28.49,31.2 2 1
github.com/axiaoxin-com/goutils/jsontime.go:34.35,36.2 1 0
github.com/axiaoxin-com/goutils/jsontime.go:39.49,41.46 2 1
github.com/axiaoxin-com/goutils/jsontime.go:44.2,44.20 1 1
github.com/axiaoxin-com/goutils/jsontime.go:41.46,43.3 1 0
github.com/axiaoxin-com/goutils/jsontime.go:48.46,50.8 2 1
github.com/axiaoxin-com/goutils/jsontime.go:54.2,54.57 1 0
github.com/axiaoxin-com/goutils/jsontime.go:50.8,53.3 2 1
github.com/axiaoxin-com/goutils/viper.go:15.65,19.45 4 1
github.com/axiaoxin-com/goutils/viper.go:22.2,23.46 2 1
github.com/axiaoxin-com/goutils/viper.go:26.2,26.12 1 1
github.com/axiaoxin-com/goutils/viper.go:19.45,21.3 1 1
github.com/axiaoxin-com/goutils/viper.go:23.46,25.3 1 0
