mode: atomic
github.com/axiaoxin-com/goutils/struct.go:12.59,17.37 4 1
github.com/axiaoxin-com/goutils/struct.go:44.2,44.8 1 1
github.com/axiaoxin-com/goutils/struct.go:17.37,22.14 4 2
github.com/axiaoxin-com/goutils/struct.go:26.3,27.32 2 2
github.com/axiaoxin-com/goutils/struct.go:42.3,42.19 1 2
github.com/axiaoxin-com/goutils/struct.go:22.14,24.4 1 1
github.com/axiaoxin-com/goutils/struct.go:28.39,29.39 1 1
github.com/axiaoxin-com/goutils/struct.go:30.44,31.41 1 0
github.com/axiaoxin-com/goutils/struct.go:32.16,33.51 1 0
github.com/axiaoxin-com/goutils/struct.go:34.16,35.51 1 0
github.com/axiaoxin-com/goutils/struct.go:36.15,37.26 1 0
github.com/axiaoxin-com/goutils/struct.go:38.15,39.19 1 1
github.com/axiaoxin-com/goutils/errcode.go:15.71,21.2 1 9
github.com/axiaoxin-com/goutils/errcode.go:24.59,26.2 1 1
github.com/axiaoxin-com/goutils/errcode.go:29.34,31.29 2 1
github.com/axiaoxin-com/goutils/errcode.go:34.2,34.33 1 1
github.com/axiaoxin-com/goutils/errcode.go:31.29,33.3 1 2
github.com/axiaoxin-com/goutils/errcode.go:38.38,40.2 1 1
github.com/axiaoxin-com/goutils/errcode.go:43.32,45.2 1 3
github.com/axiaoxin-com/goutils/errcode.go:48.34,50.2 1 4
github.com/axiaoxin-com/goutils/errcode.go:53.47,57.2 3 1
github.com/axiaoxin-com/goutils/errcode.go:60.55,64.2 3 1
github.com/axiaoxin-com/goutils/httptest.go:13.136,15.16 2 1
github.com/axiaoxin-com/goutils/httptest.go:18.2,18.26 1 1
github.com/axiaoxin-com/goutils/httptest.go:21.2,23.17 3 1
github.com/axiaoxin-com/goutils/httptest.go:15.16,17.3 1 0
github.com/axiaoxin-com/goutils/httptest.go:18.26,20.3 1 0
github.com/axiaoxin-com/goutils/httptest.go:27.116,33.16 5 0
github.com/axiaoxin-com/goutils/httptest.go:36.2,36.26 1 0
github.com/axiaoxin-com/goutils/httptest.go:39.2,40.16 2 0
github.com/axiaoxin-com/goutils/httptest.go:43.2,45.16 3 0
github.com/axiaoxin-com/goutils/httptest.go:48.2,48.21 1 0
github.com/axiaoxin-com/goutils/httptest.go:33.16,35.3 1 0
github.com/axiaoxin-com/goutils/httptest.go:36.26,38.3 1 0
github.com/axiaoxin-com/goutils/httptest.go:40.16,42.3 1 0
github.com/axiaoxin-com/goutils/httptest.go:45.16,47.3 1 0
github.com/axiaoxin-com/goutils/pagination.go:26.74,27.54 1 6
github.com/axiaoxin-com/goutils/pagination.go:34.2,46.3 6 6
github.com/axiaoxin-com/goutils/pagination.go:27.54,33.3 1 0
github.com/axiaoxin-com/goutils/pagination.go:50.70,54.2 3 3
github.com/axiaoxin-com/goutils/string.go:8.43,13.2 4 1
github.com/axiaoxin-com/goutils/viper.go:15.105,19.45 4 2
github.com/axiaoxin-com/goutils/viper.go:22.2,23.30 2 1
github.com/axiaoxin-com/goutils/viper.go:26.2,26.12 1 1
github.com/axiaoxin-com/goutils/viper.go:19.45,21.3 1 1
github.com/axiaoxin-com/goutils/viper.go:23.30,25.3 1 1
github.com/axiaoxin-com/goutils/redis.go:10.87,18.2 3 1
github.com/axiaoxin-com/goutils/redis.go:21.107,30.2 3 0
github.com/axiaoxin-com/goutils/redis.go:33.85,40.2 3 0
github.com/axiaoxin-com/goutils/sqlxdb.go:14.54,16.16 2 4
github.com/axiaoxin-com/goutils/sqlxdb.go:19.2,22.25 4 4
github.com/axiaoxin-com/goutils/sqlxdb.go:16.16,18.3 1 0
github.com/axiaoxin-com/goutils/sqlxdb.go:26.52,28.16 2 4
github.com/axiaoxin-com/goutils/sqlxdb.go:31.2,34.23 4 4
github.com/axiaoxin-com/goutils/sqlxdb.go:28.16,30.3 1 0
github.com/axiaoxin-com/goutils/sqlxdb.go:38.55,40.16 2 0
github.com/axiaoxin-com/goutils/sqlxdb.go:43.2,46.26 4 0
github.com/axiaoxin-com/goutils/sqlxdb.go:40.16,42.3 1 0
github.com/axiaoxin-com/goutils/sqlxdb.go:50.52,52.16 2 0
github.com/axiaoxin-com/goutils/sqlxdb.go:55.2,58.23 4 0
github.com/axiaoxin-com/goutils/sqlxdb.go:52.16,54.3 1 0
github.com/axiaoxin-com/goutils/sqlxdb.go:67.48,69.12 2 4
github.com/axiaoxin-com/goutils/sqlxdb.go:76.2,92.16 4 3
github.com/axiaoxin-com/goutils/sqlxdb.go:95.2,97.16 3 3
github.com/axiaoxin-com/goutils/sqlxdb.go:69.12,70.59 1 2
github.com/axiaoxin-com/goutils/sqlxdb.go:70.59,72.4 1 1
github.com/axiaoxin-com/goutils/sqlxdb.go:92.16,94.3 1 0
github.com/axiaoxin-com/goutils/sqlxdb.go:101.50,103.12 2 4
github.com/axiaoxin-com/goutils/sqlxdb.go:108.2,117.16 4 3
github.com/axiaoxin-com/goutils/sqlxdb.go:120.2,122.16 3 3
github.com/axiaoxin-com/goutils/sqlxdb.go:103.12,104.61 1 2
github.com/axiaoxin-com/goutils/sqlxdb.go:104.61,106.4 1 1
github.com/axiaoxin-com/goutils/sqlxdb.go:117.16,119.3 1 0
github.com/axiaoxin-com/goutils/sqlxdb.go:126.51,128.12 2 0
github.com/axiaoxin-com/goutils/sqlxdb.go:133.2,146.16 4 0
github.com/axiaoxin-com/goutils/sqlxdb.go:149.2,151.16 3 0
github.com/axiaoxin-com/goutils/sqlxdb.go:128.12,129.56 1 0
github.com/axiaoxin-com/goutils/sqlxdb.go:129.56,131.4 1 0
github.com/axiaoxin-com/goutils/sqlxdb.go:146.16,148.3 1 0
github.com/axiaoxin-com/goutils/sqlxdb.go:155.48,157.12 2 0
github.com/axiaoxin-com/goutils/sqlxdb.go:163.2,176.16 4 0
github.com/axiaoxin-com/goutils/sqlxdb.go:179.2,181.16 3 0
github.com/axiaoxin-com/goutils/sqlxdb.go:157.12,158.59 1 0
github.com/axiaoxin-com/goutils/sqlxdb.go:158.59,160.4 1 0
github.com/axiaoxin-com/goutils/sqlxdb.go:176.16,178.3 1 0
github.com/axiaoxin-com/goutils/sqlxdb.go:185.27,186.52 1 3
github.com/axiaoxin-com/goutils/sqlxdb.go:197.2,197.28 1 3
github.com/axiaoxin-com/goutils/sqlxdb.go:186.52,187.34 1 4
github.com/axiaoxin-com/goutils/sqlxdb.go:195.3,195.14 1 4
github.com/axiaoxin-com/goutils/sqlxdb.go:187.34,188.40 1 4
github.com/axiaoxin-com/goutils/sqlxdb.go:188.40,189.35 1 6
github.com/axiaoxin-com/goutils/sqlxdb.go:192.5,192.16 1 6
github.com/axiaoxin-com/goutils/sqlxdb.go:189.35,191.6 1 6
github.com/axiaoxin-com/goutils/dbconfig.go:38.40,40.2 1 8
github.com/axiaoxin-com/goutils/dbconfig.go:43.42,45.2 1 9
github.com/axiaoxin-com/goutils/dbconfig.go:48.43,50.21 2 0
github.com/axiaoxin-com/goutils/dbconfig.go:53.2,53.12 1 0
github.com/axiaoxin-com/goutils/dbconfig.go:50.21,52.3 1 0
github.com/axiaoxin-com/goutils/dbconfig.go:57.40,59.2 1 0
github.com/axiaoxin-com/goutils/file.go:10.63,12.16 2 1
github.com/axiaoxin-com/goutils/file.go:16.2,17.8 2 1
github.com/axiaoxin-com/goutils/file.go:12.16,14.3 1 0
github.com/axiaoxin-com/goutils/gin.go:19.96,21.29 1 1
github.com/axiaoxin-com/goutils/gin.go:24.2,29.41 3 1
github.com/axiaoxin-com/goutils/gin.go:33.2,33.19 1 1
github.com/axiaoxin-com/goutils/gin.go:36.2,36.15 1 1
github.com/axiaoxin-com/goutils/gin.go:21.29,23.3 1 1
github.com/axiaoxin-com/goutils/gin.go:29.41,31.3 1 0
github.com/axiaoxin-com/goutils/gin.go:33.19,35.3 1 1
github.com/axiaoxin-com/goutils/ip.go:8.35,10.16 2 1
github.com/axiaoxin-com/goutils/ip.go:13.2,17.35 3 1
github.com/axiaoxin-com/goutils/ip.go:10.16,12.3 1 0
github.com/axiaoxin-com/goutils/gormdb.go:28.54,30.16 2 5
github.com/axiaoxin-com/goutils/gormdb.go:33.2,37.25 5 5
github.com/axiaoxin-com/goutils/gormdb.go:30.16,32.3 1 0
github.com/axiaoxin-com/goutils/gormdb.go:41.52,43.16 2 4
github.com/axiaoxin-com/goutils/gormdb.go:46.2,50.23 5 4
github.com/axiaoxin-com/goutils/gormdb.go:43.16,45.3 1 0
github.com/axiaoxin-com/goutils/gormdb.go:54.55,56.16 2 0
github.com/axiaoxin-com/goutils/gormdb.go:59.2,63.26 5 0
github.com/axiaoxin-com/goutils/gormdb.go:56.16,58.3 1 0
github.com/axiaoxin-com/goutils/gormdb.go:67.52,69.16 2 0
github.com/axiaoxin-com/goutils/gormdb.go:72.2,76.23 5 0
github.com/axiaoxin-com/goutils/gormdb.go:69.16,71.3 1 0
github.com/axiaoxin-com/goutils/gormdb.go:80.43,89.2 8 1
github.com/axiaoxin-com/goutils/gormdb.go:97.48,99.12 2 4
github.com/axiaoxin-com/goutils/gormdb.go:106.2,122.16 4 3
github.com/axiaoxin-com/goutils/gormdb.go:125.2,127.16 3 3
github.com/axiaoxin-com/goutils/gormdb.go:99.12,100.59 1 2
github.com/axiaoxin-com/goutils/gormdb.go:100.59,102.4 1 1
github.com/axiaoxin-com/goutils/gormdb.go:122.16,124.3 1 0
github.com/axiaoxin-com/goutils/gormdb.go:131.50,133.12 2 4
github.com/axiaoxin-com/goutils/gormdb.go:138.2,147.16 4 3
github.com/axiaoxin-com/goutils/gormdb.go:150.2,152.16 3 3
github.com/axiaoxin-com/goutils/gormdb.go:133.12,134.61 1 2
github.com/axiaoxin-com/goutils/gormdb.go:134.61,136.4 1 1
github.com/axiaoxin-com/goutils/gormdb.go:147.16,149.3 1 0
github.com/axiaoxin-com/goutils/gormdb.go:156.51,158.12 2 0
github.com/axiaoxin-com/goutils/gormdb.go:163.2,176.16 4 0
github.com/axiaoxin-com/goutils/gormdb.go:179.2,181.16 3 0
github.com/axiaoxin-com/goutils/gormdb.go:158.12,159.56 1 0
github.com/axiaoxin-com/goutils/gormdb.go:159.56,161.4 1 0
github.com/axiaoxin-com/goutils/gormdb.go:176.16,178.3 1 0
github.com/axiaoxin-com/goutils/gormdb.go:185.48,187.12 2 0
github.com/axiaoxin-com/goutils/gormdb.go:192.2,205.16 4 0
github.com/axiaoxin-com/goutils/gormdb.go:208.2,210.16 3 0
github.com/axiaoxin-com/goutils/gormdb.go:187.12,188.59 1 0
github.com/axiaoxin-com/goutils/gormdb.go:188.59,190.4 1 0
github.com/axiaoxin-com/goutils/gormdb.go:205.16,207.3 1 0
github.com/axiaoxin-com/goutils/gormdb.go:214.27,215.52 1 3
github.com/axiaoxin-com/goutils/gormdb.go:226.2,226.28 1 3
github.com/axiaoxin-com/goutils/gormdb.go:215.52,216.34 1 4
github.com/axiaoxin-com/goutils/gormdb.go:224.3,224.14 1 4
github.com/axiaoxin-com/goutils/gormdb.go:216.34,217.40 1 4
github.com/axiaoxin-com/goutils/gormdb.go:217.40,218.35 1 6
github.com/axiaoxin-com/goutils/gormdb.go:221.5,221.16 1 6
github.com/axiaoxin-com/goutils/gormdb.go:218.35,220.6 1 6
github.com/axiaoxin-com/goutils/jsontime.go:23.40,25.2 1 2
github.com/axiaoxin-com/goutils/jsontime.go:28.49,31.2 2 2
github.com/axiaoxin-com/goutils/jsontime.go:34.35,36.2 1 0
github.com/axiaoxin-com/goutils/jsontime.go:39.49,41.46 2 1
github.com/axiaoxin-com/goutils/jsontime.go:44.2,44.20 1 1
github.com/axiaoxin-com/goutils/jsontime.go:41.46,43.3 1 0
github.com/axiaoxin-com/goutils/jsontime.go:48.46,50.8 2 1
github.com/axiaoxin-com/goutils/jsontime.go:54.2,54.57 1 0
github.com/axiaoxin-com/goutils/jsontime.go:50.8,53.3 2 1
github.com/axiaoxin-com/goutils/slice.go:6.71,8.2 1 1
github.com/axiaoxin-com/goutils/slice.go:11.47,12.24 1 3
github.com/axiaoxin-com/goutils/slice.go:15.2,15.23 1 3
github.com/axiaoxin-com/goutils/slice.go:20.2,20.13 1 2
github.com/axiaoxin-com/goutils/slice.go:12.24,14.3 1 0
github.com/axiaoxin-com/goutils/slice.go:15.23,16.17 1 8
github.com/axiaoxin-com/goutils/slice.go:16.17,18.4 1 1
